{"C:\\Users\\HEECHAN\\workspace\\awesome-backend\\src\\service\\postService.ts": {"path":"C:\\Users\\HEECHAN\\workspace\\awesome-backend\\src\\service\\postService.ts","statementMap":{"0":{"start":{"line":1,"column":0},"end":{"line":1,"column":48}},"1":{"start":{"line":14,"column":4},"end":{"line":14,"column":null}},"2":{"start":{"line":18,"column":52},"end":{"line":18,"column":60}},"3":{"start":{"line":19,"column":17},"end":{"line":21,"column":6}},"4":{"start":{"line":22,"column":4},"end":{"line":22,"column":null}},"5":{"start":{"line":26,"column":18},"end":{"line":26,"column":55}},"6":{"start":{"line":27,"column":4},"end":{"line":27,"column":null}},"7":{"start":{"line":10,"column":0},"end":{"line":10,"column":13}},"8":{"start":{"line":31,"column":13},"end":{"line":31,"column":null}}},"fnMap":{"0":{"name":"(anonymous_0)","decl":{"start":{"line":13,"column":2},"end":{"line":13,"column":14}},"loc":{"start":{"line":13,"column":26},"end":{"line":15,"column":3}}},"1":{"name":"(anonymous_1)","decl":{"start":{"line":17,"column":2},"end":{"line":17,"column":7}},"loc":{"start":{"line":17,"column":40},"end":{"line":23,"column":3}}},"2":{"name":"(anonymous_2)","decl":{"start":{"line":25,"column":2},"end":{"line":25,"column":7}},"loc":{"start":{"line":25,"column":11},"end":{"line":28,"column":3}}}},"branchMap":{},"s":{"0":1,"1":2,"2":0,"3":0,"4":0,"5":1,"6":1,"7":1,"8":1},"f":{"0":2,"1":0,"2":1},"b":{}}
}
